DEBUG:logging_findup:Logging Inti function is runing... [ Login_Window ]
DEBUG:logging_findup:The Default Theme Is Runing... [default_theme]
DEBUG:logging_findup:Theme is setting... [ setThemeDark ]
DEBUG:logging_findup:Icon is setting... [ setIconDark ]
DEBUG:logging_findup:Icon is palce setting... [ setIconDark ]
DEBUG:logging_findup:The Prograss Bar is starting... [prograssBarDark]
INFO:logging_findup:The Enter Button Clicked... [ clicEvent ]
DEBUG:logging_findup:Animation of login is working... [ animation_login ]
DEBUG:logging_findup:SET VALUE FOR [set_value]
DEBUG:logging_findup:SET VALUE FOR [set_value]
DEBUG:logging_findup:SET VALUE FOR [set_value]
DEBUG:logging_findup:SET VALUE FOR [set_value]
DEBUG:logging_findup:SET VALUE FOR [set_value]
DEBUG:logging_findup:SET VALUE FOR [set_value]
DEBUG:logging_findup:SET VALUE FOR [set_value]
DEBUG:logging_findup:SET VALUE FOR [set_value]
DEBUG:logging_findup:SET VALUE FOR [set_value]
DEBUG:logging_findup:SET VALUE FOR [set_value]
DEBUG:logging_findup:SET VALUE FOR [set_value]
DEBUG:logging_findup:The shacke function Actived... [ shacke_window ]
INFO:logging_findup:The Enter Button Clicked... [ clicEvent ]
DEBUG:logging_findup:Animation of login is working... [ animation_login ]
DEBUG:logging_findup:SET VALUE FOR [set_value]
DEBUG:logging_findup:The shacke function Actived... [ shacke_window ]
DEBUG:logging_findup:init function is runing ... [connect ui of main]
DEBUG:logging_findup:set the default theme of findup... [ default_theme ]
DEBUG:logging_findup:Set Icon Function Actived... [ setIcon_for_window_light ]
DEBUG:logging_findup:Light icon placer Actived... [ setIcon_for_window_light ]
DEBUG:logging_findup:Light Theme Actived... [ setTheme_for_window_light ]
DEBUG:logging_findup:Connect function Actived... [ connect_functiom_light ]
DEBUG:logging_findup:Button function connecter Actived... [ btnToFunctionConnecter ]
DEBUG:logging_findup:Dark theme Thread Actived... [ setTheme ]
DEBUG:logging_findup:Connect Function Actived... [ connect_functiom_dark ]
DEBUG:logging_findup:setTheme Function Actived... [ setTheme_for_window_dark ]
DEBUG:logging_findup:setIcon Function Actived... [ setIcon_for_window_dark ]
DEBUG:logging_findup:Dark icon Replacer Actived... [ setIcon_for_window_dark ]
DEBUG:logging_findup:Theme Icon Replacer Actived... [ iconButtonPressed ]
DEBUG:logging_findup:init function is runing ... [connect ui of main]
DEBUG:logging_findup:set the default theme of findup... [ default_theme ]
DEBUG:logging_findup:Set Icon Function Actived... [ setIcon_for_window_light ]
DEBUG:logging_findup:Light icon placer Actived... [ setIcon_for_window_light ]
DEBUG:logging_findup:Light Theme Actived... [ setTheme_for_window_light ]
DEBUG:logging_findup:Connect function Actived... [ connect_functiom_light ]
DEBUG:logging_findup:Button function connecter Actived... [ btnToFunctionConnecter ]
DEBUG:logging_findup:Logging Inti function is runing... [ Login_Window ]
DEBUG:logging_findup:The Default Theme Is Runing... [default_theme]
DEBUG:logging_findup:Theme is setting... [ setThemeDark ]
DEBUG:logging_findup:Icon is setting... [ setIconDark ]
DEBUG:logging_findup:Icon is palce setting... [ setIconDark ]
DEBUG:logging_findup:The Prograss Bar is starting... [prograssBarDark]
INFO:logging_findup:The Enter Button Clicked... [ clicEvent ]
DEBUG:logging_findup:Animation of login is working... [ animation_login ]
DEBUG:logging_findup:SET VALUE FOR [set_value]
DEBUG:logging_findup:SET VALUE FOR [set_value]
DEBUG:logging_findup:SET VALUE FOR [set_value]
DEBUG:logging_findup:SET VALUE FOR [set_value]
DEBUG:logging_findup:SET VALUE FOR [set_value]
DEBUG:logging_findup:SET VALUE FOR [set_value]
DEBUG:logging_findup:SET VALUE FOR [set_value]
DEBUG:logging_findup:SET VALUE FOR [set_value]
DEBUG:logging_findup:SET VALUE FOR [set_value]
DEBUG:logging_findup:SET VALUE FOR [set_value]
DEBUG:logging_findup:SET VALUE FOR [set_value]
DEBUG:logging_findup:The shacke function Actived... [ shacke_window ]
INFO:logging_findup:The Enter Button Clicked... [ clicEvent ]
DEBUG:logging_findup:Animation of login is working... [ animation_login ]
DEBUG:logging_findup:SET VALUE FOR [set_value]
DEBUG:logging_findup:The shacke function Actived... [ shacke_window ]
INFO:logging_findup:The Enter Button Clicked... [ clicEvent ]
INFO:logging_findup:The Enter Button Clicked... [ clicEvent ]
DEBUG:logging_findup:Animation of login is working... [ animation_login ]
DEBUG:logging_findup:SET VALUE FOR [set_value]
DEBUG:logging_findup:The shacke function Actived... [ shacke_window ]
DEBUG:logging_findup:Animation of login is working... [ animation_login ]
DEBUG:logging_findup:SET VALUE FOR [set_value]
DEBUG:logging_findup:The shacke function Actived... [ shacke_window ]
INFO:logging_findup:The Enter Button Clicked... [ clicEvent ]
DEBUG:logging_findup:Animation of login is working... [ animation_login ]
DEBUG:logging_findup:SET VALUE FOR [set_value]
DEBUG:logging_findup:The shacke function Actived... [ shacke_window ]
INFO:logging_findup:The Enter Button Clicked... [ clicEvent ]
DEBUG:logging_findup:Animation of login is working... [ animation_login ]
DEBUG:logging_findup:SET VALUE FOR [set_value]
DEBUG:logging_findup:The shacke function Actived... [ shacke_window ]
DEBUG:logging_findup:Logging Inti function is runing... [ Login_Window ]
DEBUG:logging_findup:The Default Theme Is Runing... [default_theme]
DEBUG:logging_findup:Theme is setting... [ setThemeDark ]
DEBUG:logging_findup:Icon is setting... [ setIconDark ]
DEBUG:logging_findup:Icon is palce setting... [ setIconDark ]
DEBUG:logging_findup:The Prograss Bar is starting... [prograssBarDark]
INFO:logging_findup:The Enter Button Clicked... [ clicEvent ]
DEBUG:logging_findup:Animation of login is working... [ animation_login ]
DEBUG:logging_findup:The shacke function Actived... [ shacke_window ]
INFO:logging_findup:The Enter Button Clicked... [ clicEvent ]
DEBUG:logging_findup:Animation of login is working... [ animation_login ]
DEBUG:logging_findup:The shacke function Actived... [ shacke_window ]
INFO:logging_findup:The Enter Button Clicked... [ clicEvent ]
DEBUG:logging_findup:Animation of login is working... [ animation_login ]
DEBUG:logging_findup:The shacke function Actived... [ shacke_window ]
INFO:logging_findup:The Enter Button Clicked... [ clicEvent ]
DEBUG:logging_findup:Animation of login is working... [ animation_login ]
DEBUG:logging_findup:The shacke function Actived... [ shacke_window ]
INFO:logging_findup:The Enter Button Clicked... [ clicEvent ]
DEBUG:logging_findup:Animation of login is working... [ animation_login ]
DEBUG:logging_findup:The shacke function Actived... [ shacke_window ]
INFO:logging_findup:The Enter Button Clicked... [ clicEvent ]
DEBUG:logging_findup:Animation of login is working... [ animation_login ]
DEBUG:logging_findup:The shacke function Actived... [ shacke_window ]
DEBUG:logging_findup:Logging Inti function is runing... [ Login_Window ]
DEBUG:logging_findup:The Default Theme Is Runing... [default_theme]
DEBUG:logging_findup:Theme is setting... [ setThemeDark ]
DEBUG:logging_findup:Icon is setting... [ setIconDark ]
DEBUG:logging_findup:Icon is palce setting... [ setIconDark ]
DEBUG:logging_findup:The Prograss Bar is starting... [prograssBarDark]
INFO:logging_findup:The Enter Button Clicked... [ clicEvent ]
DEBUG:logging_findup:Animation of login is working... [ animation_login ]
DEBUG:logging_findup:The shacke function Actived... [ shacke_window ]
INFO:logging_findup:The Enter Button Clicked... [ clicEvent ]
DEBUG:logging_findup:Animation of login is working... [ animation_login ]
DEBUG:logging_findup:The shacke function Actived... [ shacke_window ]
INFO:logging_findup:The Enter Button Clicked... [ clicEvent ]
DEBUG:logging_findup:Animation of login is working... [ animation_login ]
DEBUG:logging_findup:The shacke function Actived... [ shacke_window ]
DEBUG:logging_findup:Logging Inti function is runing... [ Login_Window ]
DEBUG:logging_findup:The Default Theme Is Runing... [default_theme]
DEBUG:logging_findup:Theme is setting... [ setThemeDark ]
DEBUG:logging_findup:Icon is setting... [ setIconDark ]
DEBUG:logging_findup:Icon is palce setting... [ setIconDark ]
DEBUG:logging_findup:The Prograss Bar is starting... [prograssBarDark]
INFO:logging_findup:The Enter Button Clicked... [ clicEvent ]
DEBUG:logging_findup:Animation of login is working... [ animation_login ]
DEBUG:logging_findup:The shacke function Actived... [ shacke_window ]
DEBUG:logging_findup:Logging Inti function is runing... [ Login_Window ]
DEBUG:logging_findup:The Default Theme Is Runing... [default_theme]
DEBUG:logging_findup:Theme is setting... [ setThemeDark ]
DEBUG:logging_findup:Icon is setting... [ setIconDark ]
DEBUG:logging_findup:Icon is palce setting... [ setIconDark ]
DEBUG:logging_findup:The Prograss Bar is starting... [prograssBarDark]
INFO:logging_findup:The Enter Button Clicked... [ clicEvent ]
DEBUG:logging_findup:Animation of login is working... [ animation_login ]
DEBUG:logging_findup:The shacke function Actived... [ shacke_window ]
DEBUG:logging_findup:Logging Inti function is runing... [ Login_Window ]
DEBUG:logging_findup:The Default Theme Is Runing... [default_theme]
DEBUG:logging_findup:Theme is setting... [ setThemeDark ]
DEBUG:logging_findup:Icon is setting... [ setIconDark ]
DEBUG:logging_findup:Icon is palce setting... [ setIconDark ]
DEBUG:logging_findup:The Prograss Bar is starting... [prograssBarDark]
INFO:logging_findup:The Enter Button Clicked... [ clicEvent ]
DEBUG:logging_findup:Logging Inti function is runing... [ Login_Window ]
DEBUG:logging_findup:The Default Theme Is Runing... [default_theme]
DEBUG:logging_findup:Theme is setting... [ setThemeDark ]
DEBUG:logging_findup:Icon is setting... [ setIconDark ]
DEBUG:logging_findup:Icon is palce setting... [ setIconDark ]
DEBUG:logging_findup:The Prograss Bar is starting... [prograssBarDark]
INFO:logging_findup:The Enter Button Clicked... [ clicEvent ]
DEBUG:logging_findup:Animation of login is working... [ animation_login ]
DEBUG:logging_findup:The shacke function Actived... [ shacke_window ]
DEBUG:logging_findup:Logging Inti function is runing... [ Login_Window ]
DEBUG:logging_findup:The Default Theme Is Runing... [default_theme]
DEBUG:logging_findup:Theme is setting... [ setThemeDark ]
DEBUG:logging_findup:Icon is setting... [ setIconDark ]
DEBUG:logging_findup:Icon is palce setting... [ setIconDark ]
DEBUG:logging_findup:The Prograss Bar is starting... [prograssBarDark]
INFO:logging_findup:The Enter Button Clicked... [ clicEvent ]
DEBUG:logging_findup:Animation of login is working... [ animation_login ]
DEBUG:logging_findup:The shacke function Actived... [ shacke_window ]
DEBUG:logging_findup:Logging Inti function is runing... [ Login_Window ]
DEBUG:logging_findup:The Default Theme Is Runing... [default_theme]
DEBUG:logging_findup:Theme is setting... [ setThemeDark ]
DEBUG:logging_findup:Icon is setting... [ setIconDark ]
DEBUG:logging_findup:Icon is palce setting... [ setIconDark ]
DEBUG:logging_findup:The Prograss Bar is starting... [prograssBarDark]
INFO:logging_findup:The Enter Button Clicked... [ clicEvent ]
DEBUG:logging_findup:Animation of login is working... [ animation_login ]
DEBUG:logging_findup:The shacke function Actived... [ shacke_window ]
DEBUG:logging_findup:Logging Inti function is runing... [ Login_Window ]
DEBUG:logging_findup:The Default Theme Is Runing... [default_theme]
DEBUG:logging_findup:Theme is setting... [ setThemeDark ]
DEBUG:logging_findup:Icon is setting... [ setIconDark ]
DEBUG:logging_findup:Icon is repalce setting... [ setIconDark ]
DEBUG:logging_findup:The Prograss Bar is starting... [prograssBarDark]
INFO:logging_findup:The Enter Button Clicked... [ clicEvent ]
DEBUG:logging_findup:Animation of login is working... [ animation_login ]
DEBUG:logging_findup:The shacke function Actived... [ shacke_window ]
INFO:logging_findup:The Enter Button Clicked... [ clicEvent ]
DEBUG:logging_findup:Animation of login is working... [ animation_login ]
DEBUG:logging_findup:The shacke function Actived... [ shacke_window ]
DEBUG:logging_findup:Logging Inti function is runing... [ Login_Window ]
DEBUG:logging_findup:The Default Theme Is Runing... [default_theme]
DEBUG:logging_findup:Theme is setting... [ setThemeLight ]
DEBUG:logging_findup:Icon is setting... [ setIconLight ]
DEBUG:logging_findup:Icon is palce setting... [ setIconLight ]
DEBUG:logging_findup:The Prograss Bar is starting... [prograssBarDark]
INFO:logging_findup:The Enter Button Clicked... [ clicEvent ]
DEBUG:logging_findup:Animation of login is working... [ animation_login ]
DEBUG:logging_findup:The shacke function Actived... [ shacke_window ]
DEBUG:logging_findup:Logging Inti function is runing... [ Login_Window ]
DEBUG:logging_findup:The Default Theme Is Runing... [default_theme]
DEBUG:logging_findup:Theme is setting... [ setThemeLight ]
DEBUG:logging_findup:Icon is setting... [ setIconLight ]
DEBUG:logging_findup:Icon is palce setting... [ setIconLight ]
DEBUG:logging_findup:The Prograss Bar is starting... [prograssBarDark]
INFO:logging_findup:The Enter Button Clicked... [ clicEvent ]
DEBUG:logging_findup:Animation of login is working... [ animation_login ]
DEBUG:logging_findup:The shacke function Actived... [ shacke_window ]
DEBUG:logging_findup:Logging Inti function is runing... [ Login_Window ]
DEBUG:logging_findup:The Default Theme Is Runing... [default_theme]
DEBUG:logging_findup:Theme is setting... [ setThemeLight ]
DEBUG:logging_findup:Icon is setting... [ setIconLight ]
DEBUG:logging_findup:Icon is palce setting... [ setIconLight ]
DEBUG:logging_findup:The Prograss Bar is starting... [prograssBarLight]
INFO:logging_findup:The Enter Button Clicked... [ clicEvent ]
DEBUG:logging_findup:Animation of login is working... [ animation_login ]
DEBUG:logging_findup:The shacke function Actived... [ shacke_window ]
DEBUG:logging_findup:Logging Inti function is runing... [ Login_Window ]
DEBUG:logging_findup:The Default Theme Is Runing... [default_theme]
DEBUG:logging_findup:Theme is setting... [ setThemeLight ]
DEBUG:logging_findup:Icon is setting... [ setIconLight ]
DEBUG:logging_findup:Icon is palce setting... [ setIconLight ]
DEBUG:logging_findup:The Prograss Bar is starting... [prograssBarLight]
INFO:logging_findup:The Enter Button Clicked... [ clicEvent ]
DEBUG:logging_findup:Animation of login is working... [ animation_login ]
DEBUG:logging_findup:The shacke function Actived... [ shacke_window ]
DEBUG:logging_findup:Logging Inti function is runing... [ Login_Window ]
DEBUG:logging_findup:The Default Theme Is Runing... [default_theme]
DEBUG:logging_findup:Theme is setting... [ setThemeLight ]
DEBUG:logging_findup:Icon is setting... [ setIconLight ]
DEBUG:logging_findup:Icon is palce setting... [ setIconLight ]
DEBUG:logging_findup:The Prograss Bar is starting... [prograssBarLight]
INFO:logging_findup:The Enter Button Clicked... [ clicEvent ]
DEBUG:logging_findup:Animation of login is working... [ animation_login ]
DEBUG:logging_findup:The shacke function Actived... [ shacke_window ]
DEBUG:logging_findup:Logging Inti function is runing... [ Login_Window ]
DEBUG:logging_findup:The Default Theme Is Runing... [default_theme]
DEBUG:logging_findup:Theme is setting... [ setThemeLight ]
DEBUG:logging_findup:Icon is setting... [ setIconLight ]
DEBUG:logging_findup:Icon is palce setting... [ setIconLight ]
DEBUG:logging_findup:The Prograss Bar is starting... [prograssBarDark]
INFO:logging_findup:The Enter Button Clicked... [ clicEvent ]
DEBUG:logging_findup:Animation of login is working... [ animation_login ]
DEBUG:logging_findup:The shacke function Actived... [ shacke_window ]
DEBUG:logging_findup:Logging Inti function is runing... [ Login_Window ]
DEBUG:logging_findup:The Default Theme Is Runing... [default_theme]
DEBUG:logging_findup:Theme is setting... [ setThemeLight ]
DEBUG:logging_findup:Icon is setting... [ setIconLight ]
DEBUG:logging_findup:Icon is palce setting... [ setIconLight ]
DEBUG:logging_findup:The Prograss Bar is starting... [prograssBarDark]
INFO:logging_findup:The Enter Button Clicked... [ clicEvent ]
DEBUG:logging_findup:Animation of login is working... [ animation_login ]
DEBUG:logging_findup:The shacke function Actived... [ shacke_window ]
DEBUG:logging_findup:Logging Inti function is runing... [ Login_Window ]
DEBUG:logging_findup:The Default Theme Is Runing... [default_theme]
DEBUG:logging_findup:Theme is setting... [ setThemeDark ]
DEBUG:logging_findup:Icon is setting... [ setIconDark ]
DEBUG:logging_findup:Icon is palce setting... [ setIconDark ]
DEBUG:logging_findup:The Prograss Bar is starting... [prograssBarDark]
INFO:logging_findup:The Enter Button Clicked... [ clicEvent ]
DEBUG:logging_findup:Animation of login is working... [ animation_login ]
DEBUG:logging_findup:The shacke function Actived... [ shacke_window ]
DEBUG:logging_findup:Createing Inti function is runing... [ Create_Window ]
DEBUG:logging_findup:The Default Theme Is Runing... [default_theme]
DEBUG:logging_findup:Theme is setting... [ setThemeDark ]
DEBUG:logging_findup:Icon is setting... [ setIconDark ]
DEBUG:logging_findup:Createing Inti function is runing... [ Create_Window ]
DEBUG:logging_findup:The Default Theme Is Runing... [default_theme]
DEBUG:logging_findup:Theme is setting... [ setThemeDark ]
DEBUG:logging_findup:Icon is setting... [ setIconDark ]
DEBUG:logging_findup:Icon is palce setting... [ setIconDark ]
DEBUG:logging_findup:The Prograss Bar is starting... [prograssBarDark]
INFO:logging_findup:The Enter Button Clicked... [ clicEvent ]
DEBUG:logging_findup:Animation of login is working... [ animation_login ]
DEBUG:logging_findup:The shacke function Actived... [ shacke_window ]
DEBUG:logging_findup:Createing Inti function is runing... [ Create_Window ]
DEBUG:logging_findup:The Default Theme Is Runing... [default_theme]
DEBUG:logging_findup:Theme is setting... [ setThemeDark ]
DEBUG:logging_findup:Icon is setting... [ setIconDark ]
DEBUG:logging_findup:Icon is palce setting... [ setIconDark ]
DEBUG:logging_findup:The Prograss Bar is starting... [prograssBarDark]
INFO:logging_findup:The Enter Button Clicked... [ clicEvent ]
DEBUG:logging_findup:Animation of login is working... [ animation_login ]
DEBUG:logging_findup:The shacke function Actived... [ shacke_window ]
DEBUG:logging_findup:Createing Inti function is runing... [ Create_Window ]
DEBUG:logging_findup:The Default Theme Is Runing... [default_theme]
DEBUG:logging_findup:Theme is setting... [ setThemeDark ]
DEBUG:logging_findup:Icon is setting... [ setIconDark ]
DEBUG:logging_findup:Icon is palce setting... [ setIconDark ]
DEBUG:logging_findup:The Prograss Bar is starting... [prograssBarDark]
DEBUG:logging_findup:Createing Inti function is runing... [ Create_Window ]
DEBUG:logging_findup:The Default Theme Is Runing... [default_theme]
DEBUG:logging_findup:Theme is setting... [ setThemeDark ]
DEBUG:logging_findup:Icon is setting... [ setIconDark ]
DEBUG:logging_findup:Icon is palce setting... [ setIconDark ]
DEBUG:logging_findup:The Prograss Bar is starting... [prograssBarDark]
INFO:logging_findup:The Enter Button Clicked... [ clicEvent ]
DEBUG:logging_findup:Animation of login is working... [ animation_login ]
DEBUG:logging_findup:The shacke function Actived... [ shacke_window ]
DEBUG:logging_findup:Createing Inti function is runing... [ Create_Window ]
DEBUG:logging_findup:The Default Theme Is Runing... [default_theme]
DEBUG:logging_findup:Theme is setting... [ setThemeDark ]
DEBUG:logging_findup:Icon is setting... [ setIconDark ]
DEBUG:logging_findup:Icon is palce setting... [ setIconDark ]
DEBUG:logging_findup:The Prograss Bar is starting... [prograssBarDark]
INFO:logging_findup:The Enter Button Clicked... [ clicEvent ]
DEBUG:logging_findup:Animation of login is working... [ animation_login ]
DEBUG:logging_findup:The shacke function Actived... [ shacke_window ]
DEBUG:logging_findup:Createing Inti function is runing... [ Create_Window ]
DEBUG:logging_findup:The Default Theme Is Runing... [default_theme]
DEBUG:logging_findup:Theme is setting... [ setThemeDark ]
DEBUG:logging_findup:Icon is setting... [ setIconDark ]
DEBUG:logging_findup:Icon is palce setting... [ setIconDark ]
DEBUG:logging_findup:The Prograss Bar is starting... [prograssBarDark]
INFO:logging_findup:The Enter Button Clicked... [ clicEvent ]
DEBUG:logging_findup:Animation of login is working... [ animation_login ]
DEBUG:logging_findup:The shacke function Actived... [ shacke_window ]
DEBUG:logging_findup:init function is runing ... [connect ui of main]
DEBUG:logging_findup:set the default theme of findup... [ default_theme ]
DEBUG:logging_findup:Set Icon Function Actived... [ setIcon_for_window_light ]
DEBUG:logging_findup:Light icon placer Actived... [ setIcon_for_window_light ]
DEBUG:logging_findup:Light Theme Actived... [ setTheme_for_window_light ]
DEBUG:logging_findup:Connect function Actived... [ connect_functiom_light ]
DEBUG:logging_findup:Button function connecter Actived... [ btnToFunctionConnecter ]
DEBUG:logging_findup:init function is runing ... [connect ui of main]
DEBUG:logging_findup:set the default theme of findup... [ default_theme ]
DEBUG:logging_findup:Set Icon Function Actived... [ setIcon_for_window_light ]
DEBUG:logging_findup:Light icon placer Actived... [ setIcon_for_window_light ]
DEBUG:logging_findup:Light Theme Actived... [ setTheme_for_window_light ]
DEBUG:logging_findup:Connect function Actived... [ connect_functiom_light ]
DEBUG:logging_findup:Button function connecter Actived... [ btnToFunctionConnecter ]
DEBUG:logging_findup:init function is runing ... [connect ui of main]
DEBUG:logging_findup:set the default theme of findup... [ default_theme ]
DEBUG:logging_findup:Set Icon Function Actived... [ setIcon_for_window_light ]
DEBUG:logging_findup:Light icon placer Actived... [ setIcon_for_window_light ]
DEBUG:logging_findup:Light Theme Actived... [ setTheme_for_window_light ]
DEBUG:logging_findup:Connect function Actived... [ connect_functiom_light ]
DEBUG:logging_findup:Button function connecter Actived... [ btnToFunctionConnecter ]
DEBUG:logging_findup:init function is runing ... [connect ui of main]
DEBUG:logging_findup:set the default theme of findup... [ default_theme ]
DEBUG:logging_findup:Set Icon Function Actived... [ setIcon_for_window_light ]
DEBUG:logging_findup:Light icon placer Actived... [ setIcon_for_window_light ]
DEBUG:logging_findup:Light Theme Actived... [ setTheme_for_window_light ]
DEBUG:logging_findup:Connect function Actived... [ connect_functiom_light ]
DEBUG:logging_findup:Button function connecter Actived... [ btnToFunctionConnecter ]
DEBUG:logging_findup:init function is runing ... [connect ui of main]
DEBUG:logging_findup:set the default theme of findup... [ default_theme ]
DEBUG:logging_findup:Set Icon Function Actived... [ setIcon_for_window_light ]
DEBUG:logging_findup:Light icon placer Actived... [ setIcon_for_window_light ]
DEBUG:logging_findup:Light Theme Actived... [ setTheme_for_window_light ]
DEBUG:logging_findup:Connect function Actived... [ connect_functiom_light ]
DEBUG:logging_findup:Button function connecter Actived... [ btnToFunctionConnecter ]
DEBUG:logging_findup:init function is runing ... [connect ui of main]
DEBUG:logging_findup:set the default theme of findup... [ default_theme ]
DEBUG:logging_findup:Set Icon Function Actived... [ setIcon_for_window_light ]
DEBUG:logging_findup:Light icon placer Actived... [ setIcon_for_window_light ]
DEBUG:logging_findup:Light Theme Actived... [ setTheme_for_window_light ]
DEBUG:logging_findup:Connect function Actived... [ connect_functiom_light ]
DEBUG:logging_findup:Button function connecter Actived... [ btnToFunctionConnecter ]
DEBUG:logging_findup:init function is runing ... [connect ui of main]
DEBUG:logging_findup:set the default theme of findup... [ default_theme ]
DEBUG:logging_findup:Set Icon Function Actived... [ setIcon_for_window_light ]
DEBUG:logging_findup:Light icon placer Actived... [ setIcon_for_window_light ]
DEBUG:logging_findup:Light Theme Actived... [ setTheme_for_window_light ]
DEBUG:logging_findup:Connect function Actived... [ connect_functiom_light ]
DEBUG:logging_findup:Button function connecter Actived... [ btnToFunctionConnecter ]
DEBUG:logging_findup:init function is runing ... [connect ui of main]
DEBUG:logging_findup:set the default theme of findup... [ default_theme ]
DEBUG:logging_findup:Set Icon Function Actived... [ setIcon_for_window_light ]
DEBUG:logging_findup:Light icon placer Actived... [ setIcon_for_window_light ]
DEBUG:logging_findup:Light Theme Actived... [ setTheme_for_window_light ]
DEBUG:logging_findup:Connect function Actived... [ connect_functiom_light ]
DEBUG:logging_findup:Button function connecter Actived... [ btnToFunctionConnecter ]
DEBUG:logging_findup:init function is runing ... [connect ui of main]
DEBUG:logging_findup:set the default theme of findup... [ default_theme ]
DEBUG:logging_findup:Set Icon Function Actived... [ setIcon_for_window_light ]
DEBUG:logging_findup:Light icon placer Actived... [ setIcon_for_window_light ]
DEBUG:logging_findup:Light Theme Actived... [ setTheme_for_window_light ]
DEBUG:logging_findup:Connect function Actived... [ connect_functiom_light ]
DEBUG:logging_findup:Button function connecter Actived... [ btnToFunctionConnecter ]
DEBUG:logging_findup:init function is runing ... [connect ui of main]
DEBUG:logging_findup:set the default theme of findup... [ default_theme ]
DEBUG:logging_findup:Set Icon Function Actived... [ setIcon_for_window_light ]
DEBUG:logging_findup:Light icon placer Actived... [ setIcon_for_window_light ]
DEBUG:logging_findup:Light Theme Actived... [ setTheme_for_window_light ]
DEBUG:logging_findup:Connect function Actived... [ connect_functiom_light ]
DEBUG:logging_findup:Button function connecter Actived... [ btnToFunctionConnecter ]
DEBUG:logging_findup:Dark theme Thread Actived... [ setTheme ]
DEBUG:logging_findup:Connect Function Actived... [ connect_functiom_dark ]
DEBUG:logging_findup:setTheme Function Actived... [ setTheme_for_window_dark ]
DEBUG:logging_findup:setIcon Function Actived... [ setIcon_for_window_dark ]
DEBUG:logging_findup:Dark icon Replacer Actived... [ setIcon_for_window_dark ]
DEBUG:logging_findup:Theme Icon Replacer Actived... [ iconButtonPressed ]
DEBUG:logging_findup:init function is runing ... [connect ui of main]
DEBUG:logging_findup:set the default theme of findup... [ default_theme ]
DEBUG:logging_findup:Set Icon Function Actived... [ setIcon_for_window_light ]
DEBUG:logging_findup:Light icon placer Actived... [ setIcon_for_window_light ]
DEBUG:logging_findup:Light Theme Actived... [ setTheme_for_window_light ]
DEBUG:logging_findup:Connect function Actived... [ connect_functiom_light ]
DEBUG:logging_findup:Button function connecter Actived... [ btnToFunctionConnecter ]
DEBUG:logging_findup:init function is runing ... [connect ui of main]
DEBUG:logging_findup:set the default theme of findup... [ default_theme ]
DEBUG:logging_findup:Set Icon Function Actived... [ setIcon_for_window_light ]
DEBUG:logging_findup:Light icon placer Actived... [ setIcon_for_window_light ]
DEBUG:logging_findup:Light Theme Actived... [ setTheme_for_window_light ]
DEBUG:logging_findup:Connect function Actived... [ connect_functiom_light ]
DEBUG:logging_findup:Button function connecter Actived... [ btnToFunctionConnecter ]
DEBUG:logging_findup:init function is runing ... [connect ui of main]
DEBUG:logging_findup:set the default theme of findup... [ default_theme ]
DEBUG:logging_findup:Set Icon Function Actived... [ setIcon_for_window_light ]
DEBUG:logging_findup:Light icon placer Actived... [ setIcon_for_window_light ]
DEBUG:logging_findup:Light Theme Actived... [ setTheme_for_window_light ]
DEBUG:logging_findup:Connect function Actived... [ connect_functiom_light ]
DEBUG:logging_findup:Button function connecter Actived... [ btnToFunctionConnecter ]
DEBUG:logging_findup:init function is runing ... [connect ui of main]
DEBUG:logging_findup:set the default theme of findup... [ default_theme ]
DEBUG:logging_findup:Set Icon Function Actived... [ setIcon_for_window_light ]
DEBUG:logging_findup:Light icon placer Actived... [ setIcon_for_window_light ]
DEBUG:logging_findup:Light Theme Actived... [ setTheme_for_window_light ]
DEBUG:logging_findup:Connect function Actived... [ connect_functiom_light ]
DEBUG:logging_findup:Button function connecter Actived... [ btnToFunctionConnecter ]
DEBUG:logging_findup:init function is runing ... [connect ui of main]
DEBUG:logging_findup:set the default theme of findup... [ default_theme ]
DEBUG:logging_findup:Set Icon Function Actived... [ setIcon_for_window_light ]
DEBUG:logging_findup:Light icon placer Actived... [ setIcon_for_window_light ]
DEBUG:logging_findup:Light Theme Actived... [ setTheme_for_window_light ]
DEBUG:logging_findup:Connect function Actived... [ connect_functiom_light ]
DEBUG:logging_findup:Button function connecter Actived... [ btnToFunctionConnecter ]
DEBUG:logging_findup:Dark theme Thread Actived... [ setTheme ]
DEBUG:logging_findup:Connect Function Actived... [ connect_functiom_dark ]
DEBUG:logging_findup:setTheme Function Actived... [ setTheme_for_window_dark ]
DEBUG:logging_findup:setIcon Function Actived... [ setIcon_for_window_dark ]
DEBUG:logging_findup:Dark icon Replacer Actived... [ setIcon_for_window_dark ]
DEBUG:logging_findup:Theme Icon Replacer Actived... [ iconButtonPressed ]
DEBUG:logging_findup:init function is runing ... [connect ui of main]
DEBUG:logging_findup:set the default theme of findup... [ default_theme ]
DEBUG:logging_findup:Set Icon Function Actived... [ setIcon_for_window_light ]
DEBUG:logging_findup:Light icon placer Actived... [ setIcon_for_window_light ]
DEBUG:logging_findup:Light Theme Actived... [ setTheme_for_window_light ]
DEBUG:logging_findup:Connect function Actived... [ connect_functiom_light ]
DEBUG:logging_findup:Button function connecter Actived... [ btnToFunctionConnecter ]
DEBUG:logging_findup:init function is runing ... [connect ui of main]
DEBUG:logging_findup:set the default theme of findup... [ default_theme ]
DEBUG:logging_findup:Set Icon Function Actived... [ setIcon_for_window_light ]
DEBUG:logging_findup:Light icon placer Actived... [ setIcon_for_window_light ]
DEBUG:logging_findup:Light Theme Actived... [ setTheme_for_window_light ]
DEBUG:logging_findup:Connect function Actived... [ connect_functiom_light ]
DEBUG:logging_findup:Button function connecter Actived... [ btnToFunctionConnecter ]
DEBUG:logging_findup:init function is runing ... [connect ui of main]
DEBUG:logging_findup:set the default theme of findup... [ default_theme ]
DEBUG:logging_findup:Set Icon Function Actived... [ setIcon_for_window_light ]
DEBUG:logging_findup:Light icon placer Actived... [ setIcon_for_window_light ]
DEBUG:logging_findup:Light Theme Actived... [ setTheme_for_window_light ]
DEBUG:logging_findup:Connect function Actived... [ connect_functiom_light ]
DEBUG:logging_findup:Button function connecter Actived... [ btnToFunctionConnecter ]
DEBUG:logging_findup:init function is runing ... [connect ui of main]
DEBUG:logging_findup:set the default theme of findup... [ default_theme ]
DEBUG:logging_findup:Set Icon Function Actived... [ setIcon_for_window_light ]
DEBUG:logging_findup:Light icon placer Actived... [ setIcon_for_window_light ]
DEBUG:logging_findup:Light Theme Actived... [ setTheme_for_window_light ]
DEBUG:logging_findup:Connect function Actived... [ connect_functiom_light ]
DEBUG:logging_findup:Button function connecter Actived... [ btnToFunctionConnecter ]
DEBUG:logging_findup:init function is runing ... [connect ui of main]
DEBUG:logging_findup:set the default theme of findup... [ default_theme ]
DEBUG:logging_findup:Set Icon Function Actived... [ setIcon_for_window_light ]
DEBUG:logging_findup:Light icon placer Actived... [ setIcon_for_window_light ]
DEBUG:logging_findup:Light Theme Actived... [ setTheme_for_window_light ]
DEBUG:logging_findup:Connect function Actived... [ connect_functiom_light ]
DEBUG:logging_findup:Button function connecter Actived... [ btnToFunctionConnecter ]
DEBUG:logging_findup:init function is runing ... [connect ui of main]
DEBUG:logging_findup:set the default theme of findup... [ default_theme ]
DEBUG:logging_findup:Set Icon Function Actived... [ setIcon_for_window_light ]
DEBUG:logging_findup:Light icon placer Actived... [ setIcon_for_window_light ]
DEBUG:logging_findup:Light Theme Actived... [ setTheme_for_window_light ]
DEBUG:logging_findup:Connect function Actived... [ connect_functiom_light ]
DEBUG:logging_findup:Button function connecter Actived... [ btnToFunctionConnecter ]
DEBUG:logging_findup:init function is runing ... [connect ui of main]
DEBUG:logging_findup:set the default theme of findup... [ default_theme ]
DEBUG:logging_findup:Set Icon Function Actived... [ setIcon_for_window_light ]
DEBUG:logging_findup:Light icon placer Actived... [ setIcon_for_window_light ]
DEBUG:logging_findup:Light Theme Actived... [ setTheme_for_window_light ]
DEBUG:logging_findup:Connect function Actived... [ connect_functiom_light ]
DEBUG:logging_findup:Button function connecter Actived... [ btnToFunctionConnecter ]
DEBUG:logging_findup:init function is runing ... [connect ui of main]
DEBUG:logging_findup:set the default theme of findup... [ default_theme ]
DEBUG:logging_findup:Set Icon Function Actived... [ setIcon_for_window_light ]
DEBUG:logging_findup:Light icon placer Actived... [ setIcon_for_window_light ]
DEBUG:logging_findup:Light Theme Actived... [ setTheme_for_window_light ]
DEBUG:logging_findup:Connect function Actived... [ connect_functiom_light ]
DEBUG:logging_findup:Button function connecter Actived... [ btnToFunctionConnecter ]
DEBUG:logging_findup:init function is runing ... [connect ui of main]
DEBUG:logging_findup:set the default theme of findup... [ default_theme ]
DEBUG:logging_findup:Set Icon Function Actived... [ setIcon_for_window_light ]
DEBUG:logging_findup:Light icon placer Actived... [ setIcon_for_window_light ]
DEBUG:logging_findup:Light Theme Actived... [ setTheme_for_window_light ]
DEBUG:logging_findup:Connect function Actived... [ connect_functiom_light ]
DEBUG:logging_findup:Button function connecter Actived... [ btnToFunctionConnecter ]
DEBUG:logging_findup:init function is runing ... [connect ui of main]
DEBUG:logging_findup:set the default theme of findup... [ default_theme ]
DEBUG:logging_findup:Set Icon Function Actived... [ setIcon_for_window_light ]
DEBUG:logging_findup:Light icon placer Actived... [ setIcon_for_window_light ]
DEBUG:logging_findup:Light Theme Actived... [ setTheme_for_window_light ]
DEBUG:logging_findup:Connect function Actived... [ connect_functiom_light ]
DEBUG:logging_findup:Button function connecter Actived... [ btnToFunctionConnecter ]
DEBUG:logging_findup:init function is runing ... [connect ui of main]
DEBUG:logging_findup:set the default theme of findup... [ default_theme ]
DEBUG:logging_findup:Set Icon Function Actived... [ setIcon_for_window_light ]
DEBUG:logging_findup:Light icon placer Actived... [ setIcon_for_window_light ]
DEBUG:logging_findup:Light Theme Actived... [ setTheme_for_window_light ]
DEBUG:logging_findup:Connect function Actived... [ connect_functiom_light ]
DEBUG:logging_findup:Button function connecter Actived... [ btnToFunctionConnecter ]
DEBUG:logging_findup:init function is runing ... [connect ui of main]
DEBUG:logging_findup:set the default theme of findup... [ default_theme ]
DEBUG:logging_findup:Set Icon Function Actived... [ setIcon_for_window_light ]
DEBUG:logging_findup:Light icon placer Actived... [ setIcon_for_window_light ]
DEBUG:logging_findup:Light Theme Actived... [ setTheme_for_window_light ]
DEBUG:logging_findup:Connect function Actived... [ connect_functiom_light ]
DEBUG:logging_findup:Button function connecter Actived... [ btnToFunctionConnecter ]
DEBUG:logging_findup:init function is runing ... [connect ui of main]
DEBUG:logging_findup:set the default theme of findup... [ default_theme ]
DEBUG:logging_findup:Set Icon Function Actived... [ setIcon_for_window_light ]
DEBUG:logging_findup:Light icon placer Actived... [ setIcon_for_window_light ]
DEBUG:logging_findup:Light Theme Actived... [ setTheme_for_window_light ]
DEBUG:logging_findup:Connect function Actived... [ connect_functiom_light ]
DEBUG:logging_findup:Button function connecter Actived... [ btnToFunctionConnecter ]
DEBUG:logging_findup:init function is runing ... [connect ui of main]
DEBUG:logging_findup:set the default theme of findup... [ default_theme ]
DEBUG:logging_findup:Set Icon Function Actived... [ setIcon_for_window_light ]
DEBUG:logging_findup:Light icon placer Actived... [ setIcon_for_window_light ]
DEBUG:logging_findup:Light Theme Actived... [ setTheme_for_window_light ]
DEBUG:logging_findup:Connect function Actived... [ connect_functiom_light ]
DEBUG:logging_findup:Button function connecter Actived... [ btnToFunctionConnecter ]
DEBUG:logging_findup:init function is runing ... [connect ui of main]
DEBUG:logging_findup:set the default theme of findup... [ default_theme ]
DEBUG:logging_findup:Set Icon Function Actived... [ setIcon_for_window_light ]
DEBUG:logging_findup:Light icon placer Actived... [ setIcon_for_window_light ]
DEBUG:logging_findup:Light Theme Actived... [ setTheme_for_window_light ]
DEBUG:logging_findup:Connect function Actived... [ connect_functiom_light ]
DEBUG:logging_findup:Button function connecter Actived... [ btnToFunctionConnecter ]
DEBUG:logging_findup:init function is runing ... [connect ui of main]
DEBUG:logging_findup:set the default theme of findup... [ default_theme ]
DEBUG:logging_findup:Set Icon Function Actived... [ setIcon_for_window_light ]
DEBUG:logging_findup:Light icon placer Actived... [ setIcon_for_window_light ]
DEBUG:logging_findup:Light Theme Actived... [ setTheme_for_window_light ]
DEBUG:logging_findup:Connect function Actived... [ connect_functiom_light ]
DEBUG:logging_findup:Button function connecter Actived... [ btnToFunctionConnecter ]
DEBUG:logging_findup:init function is runing ... [connect ui of main]
DEBUG:logging_findup:set the default theme of findup... [ default_theme ]
DEBUG:logging_findup:Set Icon Function Actived... [ setIcon_for_window_light ]
DEBUG:logging_findup:Light icon placer Actived... [ setIcon_for_window_light ]
DEBUG:logging_findup:Light Theme Actived... [ setTheme_for_window_light ]
DEBUG:logging_findup:Connect function Actived... [ connect_functiom_light ]
DEBUG:logging_findup:Button function connecter Actived... [ btnToFunctionConnecter ]
DEBUG:logging_findup:init function is runing ... [connect ui of main]
DEBUG:logging_findup:set the default theme of findup... [ default_theme ]
DEBUG:logging_findup:Set Icon Function Actived... [ setIcon_for_window_light ]
DEBUG:logging_findup:Light icon placer Actived... [ setIcon_for_window_light ]
DEBUG:logging_findup:Light Theme Actived... [ setTheme_for_window_light ]
DEBUG:logging_findup:Connect function Actived... [ connect_functiom_light ]
DEBUG:logging_findup:Button function connecter Actived... [ btnToFunctionConnecter ]
DEBUG:logging_findup:init function is runing ... [connect ui of main]
DEBUG:logging_findup:set the default theme of findup... [ default_theme ]
DEBUG:logging_findup:Set Icon Function Actived... [ setIcon_for_window_light ]
DEBUG:logging_findup:Light icon placer Actived... [ setIcon_for_window_light ]
DEBUG:logging_findup:Light Theme Actived... [ setTheme_for_window_light ]
DEBUG:logging_findup:Connect function Actived... [ connect_functiom_light ]
DEBUG:logging_findup:Button function connecter Actived... [ btnToFunctionConnecter ]
DEBUG:logging_findup:init function is runing ... [connect ui of main]
DEBUG:logging_findup:set the default theme of findup... [ default_theme ]
DEBUG:logging_findup:Set Icon Function Actived... [ setIcon_for_window_light ]
DEBUG:logging_findup:Light icon placer Actived... [ setIcon_for_window_light ]
DEBUG:logging_findup:Light Theme Actived... [ setTheme_for_window_light ]
DEBUG:logging_findup:Connect function Actived... [ connect_functiom_light ]
DEBUG:logging_findup:Button function connecter Actived... [ btnToFunctionConnecter ]
DEBUG:logging_findup:init function is runing ... [connect ui of main]
DEBUG:logging_findup:set the default theme of findup... [ default_theme ]
DEBUG:logging_findup:Set Icon Function Actived... [ setIcon_for_window_light ]
DEBUG:logging_findup:Light icon placer Actived... [ setIcon_for_window_light ]
DEBUG:logging_findup:Light Theme Actived... [ setTheme_for_window_light ]
DEBUG:logging_findup:Connect function Actived... [ connect_functiom_light ]
DEBUG:logging_findup:Button function connecter Actived... [ btnToFunctionConnecter ]
DEBUG:logging_findup:init function is runing ... [connect ui of main]
DEBUG:logging_findup:set the default theme of findup... [ default_theme ]
DEBUG:logging_findup:Set Icon Function Actived... [ setIcon_for_window_light ]
DEBUG:logging_findup:Light icon placer Actived... [ setIcon_for_window_light ]
DEBUG:logging_findup:Light Theme Actived... [ setTheme_for_window_light ]
DEBUG:logging_findup:Connect function Actived... [ connect_functiom_light ]
DEBUG:logging_findup:Button function connecter Actived... [ btnToFunctionConnecter ]
DEBUG:logging_findup:init function is runing ... [connect ui of main]
DEBUG:logging_findup:set the default theme of findup... [ default_theme ]
DEBUG:logging_findup:Set Icon Function Actived... [ setIcon_for_window_light ]
DEBUG:logging_findup:Light icon placer Actived... [ setIcon_for_window_light ]
DEBUG:logging_findup:Light Theme Actived... [ setTheme_for_window_light ]
DEBUG:logging_findup:Connect function Actived... [ connect_functiom_light ]
DEBUG:logging_findup:Button function connecter Actived... [ btnToFunctionConnecter ]
DEBUG:logging_findup:init function is runing ... [connect ui of main]
DEBUG:logging_findup:set the default theme of findup... [ default_theme ]
DEBUG:logging_findup:Set Icon Function Actived... [ setIcon_for_window_light ]
DEBUG:logging_findup:Light icon placer Actived... [ setIcon_for_window_light ]
DEBUG:logging_findup:Light Theme Actived... [ setTheme_for_window_light ]
DEBUG:logging_findup:Connect function Actived... [ connect_functiom_light ]
DEBUG:logging_findup:Button function connecter Actived... [ btnToFunctionConnecter ]
DEBUG:logging_findup:init function is runing ... [connect ui of main]
DEBUG:logging_findup:set the default theme of findup... [ default_theme ]
DEBUG:logging_findup:Set Icon Function Actived... [ setIcon_for_window_light ]
DEBUG:logging_findup:Light icon placer Actived... [ setIcon_for_window_light ]
DEBUG:logging_findup:Light Theme Actived... [ setTheme_for_window_light ]
DEBUG:logging_findup:Connect function Actived... [ connect_functiom_light ]
DEBUG:logging_findup:Button function connecter Actived... [ btnToFunctionConnecter ]
DEBUG:logging_findup:init function is runing ... [connect ui of main]
DEBUG:logging_findup:set the default theme of findup... [ default_theme ]
DEBUG:logging_findup:Set Icon Function Actived... [ setIcon_for_window_light ]
DEBUG:logging_findup:Light icon placer Actived... [ setIcon_for_window_light ]
DEBUG:logging_findup:Light Theme Actived... [ setTheme_for_window_light ]
DEBUG:logging_findup:Connect function Actived... [ connect_functiom_light ]
DEBUG:logging_findup:Button function connecter Actived... [ btnToFunctionConnecter ]
DEBUG:logging_findup:init function is runing ... [connect ui of main]
DEBUG:logging_findup:set the default theme of findup... [ default_theme ]
DEBUG:logging_findup:Set Icon Function Actived... [ setIcon_for_window_light ]
DEBUG:logging_findup:Light icon placer Actived... [ setIcon_for_window_light ]
DEBUG:logging_findup:Light Theme Actived... [ setTheme_for_window_light ]
DEBUG:logging_findup:Connect function Actived... [ connect_functiom_light ]
DEBUG:logging_findup:Button function connecter Actived... [ btnToFunctionConnecter ]
DEBUG:logging_findup:init function is runing ... [connect ui of main]
DEBUG:logging_findup:set the default theme of findup... [ default_theme ]
DEBUG:logging_findup:Set Icon Function Actived... [ setIcon_for_window_light ]
DEBUG:logging_findup:Light icon placer Actived... [ setIcon_for_window_light ]
DEBUG:logging_findup:Light Theme Actived... [ setTheme_for_window_light ]
DEBUG:logging_findup:Connect function Actived... [ connect_functiom_light ]
DEBUG:logging_findup:Button function connecter Actived... [ btnToFunctionConnecter ]
DEBUG:logging_findup:init function is runing ... [connect ui of main]
DEBUG:logging_findup:set the default theme of findup... [ default_theme ]
DEBUG:logging_findup:Set Icon Function Actived... [ setIcon_for_window_light ]
DEBUG:logging_findup:Light icon placer Actived... [ setIcon_for_window_light ]
DEBUG:logging_findup:Light Theme Actived... [ setTheme_for_window_light ]
DEBUG:logging_findup:Connect function Actived... [ connect_functiom_light ]
DEBUG:logging_findup:Button function connecter Actived... [ btnToFunctionConnecter ]
DEBUG:logging_findup:init function is runing ... [connect ui of main]
DEBUG:logging_findup:set the default theme of findup... [ default_theme ]
DEBUG:logging_findup:Set Icon Function Actived... [ setIcon_for_window_light ]
DEBUG:logging_findup:Light icon placer Actived... [ setIcon_for_window_light ]
DEBUG:logging_findup:Light Theme Actived... [ setTheme_for_window_light ]
DEBUG:logging_findup:Connect function Actived... [ connect_functiom_light ]
DEBUG:logging_findup:Button function connecter Actived... [ btnToFunctionConnecter ]
DEBUG:logging_findup:init function is runing ... [connect ui of main]
DEBUG:logging_findup:set the default theme of findup... [ default_theme ]
DEBUG:logging_findup:Set Icon Function Actived... [ setIcon_for_window_light ]
DEBUG:logging_findup:Light icon placer Actived... [ setIcon_for_window_light ]
DEBUG:logging_findup:Light Theme Actived... [ setTheme_for_window_light ]
DEBUG:logging_findup:Connect function Actived... [ connect_functiom_light ]
DEBUG:logging_findup:Button function connecter Actived... [ btnToFunctionConnecter ]
DEBUG:logging_findup:init function is runing ... [connect ui of main]
DEBUG:logging_findup:set the default theme of findup... [ default_theme ]
DEBUG:logging_findup:Set Icon Function Actived... [ setIcon_for_window_light ]
DEBUG:logging_findup:Light icon placer Actived... [ setIcon_for_window_light ]
DEBUG:logging_findup:Light Theme Actived... [ setTheme_for_window_light ]
DEBUG:logging_findup:Connect function Actived... [ connect_functiom_light ]
DEBUG:logging_findup:Button function connecter Actived... [ btnToFunctionConnecter ]
DEBUG:logging_findup:init function is runing ... [connect ui of main]
DEBUG:logging_findup:set the default theme of findup... [ default_theme ]
DEBUG:logging_findup:Set Icon Function Actived... [ setIcon_for_window_light ]
DEBUG:logging_findup:Light icon placer Actived... [ setIcon_for_window_light ]
DEBUG:logging_findup:Light Theme Actived... [ setTheme_for_window_light ]
DEBUG:logging_findup:Connect function Actived... [ connect_functiom_light ]
DEBUG:logging_findup:Button function connecter Actived... [ btnToFunctionConnecter ]
DEBUG:logging_findup:init function is runing ... [connect ui of main]
DEBUG:logging_findup:set the default theme of findup... [ default_theme ]
DEBUG:logging_findup:Set Icon Function Actived... [ setIcon_for_window_light ]
DEBUG:logging_findup:Light icon placer Actived... [ setIcon_for_window_light ]
DEBUG:logging_findup:Light Theme Actived... [ setTheme_for_window_light ]
DEBUG:logging_findup:Connect function Actived... [ connect_functiom_light ]
DEBUG:logging_findup:Button function connecter Actived... [ btnToFunctionConnecter ]
DEBUG:logging_findup:init function is runing ... [connect ui of main]
DEBUG:logging_findup:set the default theme of findup... [ default_theme ]
DEBUG:logging_findup:Set Icon Function Actived... [ setIcon_for_window_light ]
DEBUG:logging_findup:Light icon placer Actived... [ setIcon_for_window_light ]
DEBUG:logging_findup:Light Theme Actived... [ setTheme_for_window_light ]
DEBUG:logging_findup:Connect function Actived... [ connect_functiom_light ]
DEBUG:logging_findup:Button function connecter Actived... [ btnToFunctionConnecter ]
DEBUG:logging_findup:init function is runing ... [connect ui of main]
DEBUG:logging_findup:set the default theme of findup... [ default_theme ]
DEBUG:logging_findup:Set Icon Function Actived... [ setIcon_for_window_light ]
DEBUG:logging_findup:Light icon placer Actived... [ setIcon_for_window_light ]
DEBUG:logging_findup:Light Theme Actived... [ setTheme_for_window_light ]
DEBUG:logging_findup:Connect function Actived... [ connect_functiom_light ]
DEBUG:logging_findup:Button function connecter Actived... [ btnToFunctionConnecter ]
DEBUG:logging_findup:init function is runing ... [connect ui of main]
DEBUG:logging_findup:set the default theme of findup... [ default_theme ]
DEBUG:logging_findup:Set Icon Function Actived... [ setIcon_for_window_light ]
DEBUG:logging_findup:Light icon placer Actived... [ setIcon_for_window_light ]
DEBUG:logging_findup:Light Theme Actived... [ setTheme_for_window_light ]
DEBUG:logging_findup:Connect function Actived... [ connect_functiom_light ]
DEBUG:logging_findup:Button function connecter Actived... [ btnToFunctionConnecter ]
DEBUG:logging_findup:init function is runing ... [connect ui of main]
DEBUG:logging_findup:set the default theme of findup... [ default_theme ]
DEBUG:logging_findup:Set Icon Function Actived... [ setIcon_for_window_light ]
DEBUG:logging_findup:Light icon placer Actived... [ setIcon_for_window_light ]
DEBUG:logging_findup:Light Theme Actived... [ setTheme_for_window_light ]
DEBUG:logging_findup:Connect function Actived... [ connect_functiom_light ]
DEBUG:logging_findup:Button function connecter Actived... [ btnToFunctionConnecter ]
DEBUG:logging_findup:init function is runing ... [connect ui of main]
DEBUG:logging_findup:set the default theme of findup... [ default_theme ]
DEBUG:logging_findup:Set Icon Function Actived... [ setIcon_for_window_light ]
DEBUG:logging_findup:Light icon placer Actived... [ setIcon_for_window_light ]
DEBUG:logging_findup:Light Theme Actived... [ setTheme_for_window_light ]
DEBUG:logging_findup:Connect function Actived... [ connect_functiom_light ]
DEBUG:logging_findup:Button function connecter Actived... [ btnToFunctionConnecter ]
DEBUG:logging_findup:init function is runing ... [connect ui of main]
DEBUG:logging_findup:set the default theme of findup... [ default_theme ]
DEBUG:logging_findup:Set Icon Function Actived... [ setIcon_for_window_light ]
DEBUG:logging_findup:Light icon placer Actived... [ setIcon_for_window_light ]
DEBUG:logging_findup:Light Theme Actived... [ setTheme_for_window_light ]
DEBUG:logging_findup:Connect function Actived... [ connect_functiom_light ]
DEBUG:logging_findup:Button function connecter Actived... [ btnToFunctionConnecter ]
DEBUG:logging_findup:init function is runing ... [connect ui of main]
DEBUG:logging_findup:set the default theme of findup... [ default_theme ]
DEBUG:logging_findup:Set Icon Function Actived... [ setIcon_for_window_light ]
DEBUG:logging_findup:Light icon placer Actived... [ setIcon_for_window_light ]
DEBUG:logging_findup:Light Theme Actived... [ setTheme_for_window_light ]
DEBUG:logging_findup:Connect function Actived... [ connect_functiom_light ]
DEBUG:logging_findup:Button function connecter Actived... [ btnToFunctionConnecter ]
DEBUG:logging_findup:Dark theme Thread Actived... [ setTheme ]
DEBUG:logging_findup:Connect Function Actived... [ connect_functiom_dark ]
DEBUG:logging_findup:setTheme Function Actived... [ setTheme_for_window_dark ]
DEBUG:logging_findup:setIcon Function Actived... [ setIcon_for_window_dark ]
DEBUG:logging_findup:Dark icon Replacer Actived... [ setIcon_for_window_dark ]
DEBUG:logging_findup:Theme Icon Replacer Actived... [ iconButtonPressed ]
INFO:logging_findup:The Enter Button Clicked... [ clicEvent ]
INFO:logging_findup:The Enter Button Clicked... [ clicEvent ]
INFO:logging_findup:The Enter Button Clicked... [ clicEvent ]
DEBUG:logging_findup:The Access Window Is Runing... [ Access_Window ]
DEBUG:logging_findup:The Access Window Is Runing... [ Access_Window ]
INFO:logging_findup:The Enter Button Clicked... [ keyClickedEvent ]
DEBUG:logging_findup:The shacke function Actived... [ shacke_window ]
INFO:logging_findup:The Enter Button Clicked... [ keyClickedEvent ]
DEBUG:logging_findup:The shacke function Actived... [ shacke_window ]
INFO:logging_findup:The Enter Button Clicked... [ keyClickedEvent ]
DEBUG:logging_findup:The shacke function Actived... [ shacke_window ]
INFO:logging_findup:The Enter Button Clicked... [ keyClickedEvent ]
DEBUG:logging_findup:The shacke function Actived... [ shacke_window ]
INFO:logging_findup:The Enter Button Clicked... [ keyClickedEvent ]
DEBUG:logging_findup:The shacke function Actived... [ shacke_window ]
INFO:logging_findup:The Enter Button Clicked... [ keyClickedEvent ]
DEBUG:logging_findup:The shacke function Actived... [ shacke_window ]
INFO:logging_findup:The Enter Button Clicked... [ keyClickedEvent ]
DEBUG:logging_findup:The shacke function Actived... [ shacke_window ]
INFO:logging_findup:The Enter Button Clicked... [ keyClickedEvent ]
DEBUG:logging_findup:The shacke function Actived... [ shacke_window ]
INFO:logging_findup:The Enter Button Clicked... [ keyClickedEvent ]
DEBUG:logging_findup:The shacke function Actived... [ shacke_window ]
INFO:logging_findup:The Enter Button Clicked... [ keyClickedEvent ]
DEBUG:logging_findup:The shacke function Actived... [ shacke_window ]
INFO:logging_findup:The Enter Button Clicked... [ keyClickedEvent ]
DEBUG:logging_findup:The shacke function Actived... [ shacke_window ]
INFO:logging_findup:The Enter Button Clicked... [ keyClickedEvent ]
DEBUG:logging_findup:The shacke function Actived... [ shacke_window ]
INFO:logging_findup:The Enter Button Clicked... [ keyClickedEvent ]
DEBUG:logging_findup:The shacke function Actived... [ shacke_window ]
INFO:logging_findup:The Enter Button Clicked... [ keyClickedEvent ]
DEBUG:logging_findup:The shacke function Actived... [ shacke_window ]
INFO:logging_findup:The Enter Button Clicked... [ keyClickedEvent ]
DEBUG:logging_findup:The shacke function Actived... [ shacke_window ]
INFO:logging_findup:The Enter Button Clicked... [ keyClickedEvent ]
DEBUG:logging_findup:The shacke function Actived... [ shacke_window ]
INFO:logging_findup:The Enter Button Clicked... [ keyClickedEvent ]
DEBUG:logging_findup:The shacke function Actived... [ shacke_window ]
INFO:logging_findup:The Enter Button Clicked... [ keyClickedEvent ]
DEBUG:logging_findup:The shacke function Actived... [ shacke_window ]
INFO:logging_findup:The Enter Button Clicked... [ keyClickedEvent ]
DEBUG:logging_findup:The shacke function Actived... [ shacke_window ]
INFO:logging_findup:The Enter Button Clicked... [ keyClickedEvent ]
DEBUG:logging_findup:The shacke function Actived... [ shacke_window ]
INFO:logging_findup:The Enter Button Clicked... [ keyClickedEvent ]
DEBUG:logging_findup:The shacke function Actived... [ shacke_window ]
INFO:logging_findup:The Enter Button Clicked... [ keyClickedEvent ]
DEBUG:logging_findup:The shacke function Actived... [ shacke_window ]
INFO:logging_findup:The Enter Button Clicked... [ keyClickedEvent ]
DEBUG:logging_findup:The shacke function Actived... [ shacke_window ]
INFO:logging_findup:The Enter Button Clicked... [ keyClickedEvent ]
DEBUG:logging_findup:The shacke function Actived... [ shacke_window ]
INFO:logging_findup:The Enter Button Clicked... [ keyClickedEvent ]
DEBUG:logging_findup:The shacke function Actived... [ shacke_window ]
DEBUG:logging_findup:The Access Window Is Runing... [ Access_Window ]
DEBUG:logging_findup:The Access Window Is Runing... [ Access_Window ]
DEBUG:logging_findup:The Access Window Is Runing... [ Access_Window ]
INFO:logging_findup:The Enter Button Clicked... [ keyClickedEvent ]
DEBUG:logging_findup:The shacke function Actived... [ shacke_window ]
INFO:logging_findup:The Enter Button Clicked... [ keyClickedEvent ]
DEBUG:logging_findup:The shacke function Actived... [ shacke_window ]
INFO:logging_findup:The Enter Button Clicked... [ keyClickedEvent ]
DEBUG:logging_findup:The shacke function Actived... [ shacke_window ]
INFO:logging_findup:The Enter Button Clicked... [ keyClickedEvent ]
DEBUG:logging_findup:The shacke function Actived... [ shacke_window ]
INFO:logging_findup:The Enter Button Clicked... [ keyClickedEvent ]
DEBUG:logging_findup:The shacke function Actived... [ shacke_window ]
INFO:logging_findup:The Enter Button Clicked... [ keyClickedEvent ]
DEBUG:logging_findup:The shacke function Actived... [ shacke_window ]
INFO:logging_findup:The Enter Button Clicked... [ keyClickedEvent ]
DEBUG:logging_findup:The shacke function Actived... [ shacke_window ]
INFO:logging_findup:The Enter Button Clicked... [ keyClickedEvent ]
DEBUG:logging_findup:The shacke function Actived... [ shacke_window ]
INFO:logging_findup:The Enter Button Clicked... [ keyClickedEvent ]
DEBUG:logging_findup:The shacke function Actived... [ shacke_window ]
INFO:logging_findup:The Enter Button Clicked... [ keyClickedEvent ]
DEBUG:logging_findup:The shacke function Actived... [ shacke_window ]
INFO:logging_findup:The Enter Button Clicked... [ keyClickedEvent ]
DEBUG:logging_findup:The shacke function Actived... [ shacke_window ]
INFO:logging_findup:The Enter Button Clicked... [ keyClickedEvent ]
DEBUG:logging_findup:The shacke function Actived... [ shacke_window ]
INFO:logging_findup:The Enter Button Clicked... [ keyClickedEvent ]
DEBUG:logging_findup:The shacke function Actived... [ shacke_window ]
INFO:logging_findup:The Enter Button Clicked... [ keyClickedEvent ]
DEBUG:logging_findup:The shacke function Actived... [ shacke_window ]
INFO:logging_findup:The Enter Button Clicked... [ keyClickedEvent ]
DEBUG:logging_findup:The shacke function Actived... [ shacke_window ]
INFO:logging_findup:The Enter Button Clicked... [ keyClickedEvent ]
DEBUG:logging_findup:The shacke function Actived... [ shacke_window ]
INFO:logging_findup:The Enter Button Clicked... [ keyClickedEvent ]
DEBUG:logging_findup:The shacke function Actived... [ shacke_window ]
INFO:logging_findup:The Enter Button Clicked... [ keyClickedEvent ]
DEBUG:logging_findup:The shacke function Actived... [ shacke_window ]
INFO:logging_findup:The Enter Button Clicked... [ keyClickedEvent ]
DEBUG:logging_findup:The shacke function Actived... [ shacke_window ]
INFO:logging_findup:The Enter Button Clicked... [ keyClickedEvent ]
DEBUG:logging_findup:The shacke function Actived... [ shacke_window ]
INFO:logging_findup:The Enter Button Clicked... [ keyClickedEvent ]
DEBUG:logging_findup:The shacke function Actived... [ shacke_window ]
INFO:logging_findup:The Enter Button Clicked... [ keyClickedEvent ]
DEBUG:logging_findup:The shacke function Actived... [ shacke_window ]
INFO:logging_findup:The Enter Button Clicked... [ keyClickedEvent ]
DEBUG:logging_findup:The shacke function Actived... [ shacke_window ]
INFO:logging_findup:The Enter Button Clicked... [ keyClickedEvent ]
DEBUG:logging_findup:The shacke function Actived... [ shacke_window ]
INFO:logging_findup:The Enter Button Clicked... [ keyClickedEvent ]
DEBUG:logging_findup:The shacke function Actived... [ shacke_window ]
INFO:logging_findup:The Enter Button Clicked... [ keyClickedEvent ]
DEBUG:logging_findup:The shacke function Actived... [ shacke_window ]
INFO:logging_findup:The Enter Button Clicked... [ keyClickedEvent ]
DEBUG:logging_findup:The shacke function Actived... [ shacke_window ]
INFO:logging_findup:The Enter Button Clicked... [ keyClickedEvent ]
DEBUG:logging_findup:The shacke function Actived... [ shacke_window ]
INFO:logging_findup:The Enter Button Clicked... [ keyClickedEvent ]
DEBUG:logging_findup:The shacke function Actived... [ shacke_window ]
INFO:logging_findup:The Enter Button Clicked... [ keyClickedEvent ]
DEBUG:logging_findup:The shacke function Actived... [ shacke_window ]
INFO:logging_findup:The Enter Button Clicked... [ keyClickedEvent ]
DEBUG:logging_findup:The shacke function Actived... [ shacke_window ]
INFO:logging_findup:The Enter Button Clicked... [ keyClickedEvent ]
DEBUG:logging_findup:The shacke function Actived... [ shacke_window ]
INFO:logging_findup:The Enter Button Clicked... [ keyClickedEvent ]
DEBUG:logging_findup:The shacke function Actived... [ shacke_window ]
INFO:logging_findup:The Enter Button Clicked... [ keyClickedEvent ]
DEBUG:logging_findup:The shacke function Actived... [ shacke_window ]
INFO:logging_findup:The Enter Button Clicked... [ keyClickedEvent ]
DEBUG:logging_findup:The shacke function Actived... [ shacke_window ]
INFO:logging_findup:The Enter Button Clicked... [ keyClickedEvent ]
DEBUG:logging_findup:The shacke function Actived... [ shacke_window ]
INFO:logging_findup:The Enter Button Clicked... [ keyClickedEvent ]
DEBUG:logging_findup:The shacke function Actived... [ shacke_window ]
INFO:logging_findup:The Enter Button Clicked... [ keyClickedEvent ]
DEBUG:logging_findup:The shacke function Actived... [ shacke_window ]
INFO:logging_findup:The Enter Button Clicked... [ keyClickedEvent ]
DEBUG:logging_findup:The shacke function Actived... [ shacke_window ]
INFO:logging_findup:The Enter Button Clicked... [ keyClickedEvent ]
DEBUG:logging_findup:The shacke function Actived... [ shacke_window ]
INFO:logging_findup:The Enter Button Clicked... [ keyClickedEvent ]
DEBUG:logging_findup:The shacke function Actived... [ shacke_window ]
INFO:logging_findup:The Enter Button Clicked... [ keyClickedEvent ]
DEBUG:logging_findup:The shacke function Actived... [ shacke_window ]
INFO:logging_findup:The Enter Button Clicked... [ keyClickedEvent ]
DEBUG:logging_findup:The shacke function Actived... [ shacke_window ]
DEBUG:logging_findup:The Access Window Is Runing... [ Access_Window ]
DEBUG:logging_findup:The Access Window Is Runing... [ Access_Window ]
INFO:logging_findup:The Enter Button Clicked... [ keyClickedEvent ]
DEBUG:logging_findup:The shacke function Actived... [ shacke_window ]
INFO:logging_findup:The Enter Button Clicked... [ keyClickedEvent ]
DEBUG:logging_findup:The shacke function Actived... [ shacke_window ]
INFO:logging_findup:The Enter Button Clicked... [ keyClickedEvent ]
DEBUG:logging_findup:The shacke function Actived... [ shacke_window ]
INFO:logging_findup:The Enter Button Clicked... [ keyClickedEvent ]
DEBUG:logging_findup:The shacke function Actived... [ shacke_window ]
INFO:logging_findup:The Enter Button Clicked... [ keyClickedEvent ]
DEBUG:logging_findup:The shacke function Actived... [ shacke_window ]
INFO:logging_findup:The Enter Button Clicked... [ keyClickedEvent ]
DEBUG:logging_findup:The shacke function Actived... [ shacke_window ]
INFO:logging_findup:The Enter Button Clicked... [ keyClickedEvent ]
DEBUG:logging_findup:The shacke function Actived... [ shacke_window ]
DEBUG:logging_findup:The Access Window Is Runing... [ Access_Window ]
DEBUG:logging_findup:The Access Window Is Runing... [ Access_Window ]
DEBUG:logging_findup:Createing Inti function is runing... [ Create_Window ]
DEBUG:logging_findup:The Default Theme Is Runing... [default_theme]
DEBUG:logging_findup:Theme is setting... [ setThemeLight ]
DEBUG:logging_findup:Theme is setting... [ setThemeLight ]
DEBUG:logging_findup:The Prograss Bar is starting... [prograssBarLight]
INFO:logging_findup:The Enter Button Clicked... [ clicEvent ]
DEBUG:logging_findup:Animation of login is working... [ animation_login ]
DEBUG:logging_findup:The shacke function Actived... [ shacke_window ]
DEBUG:logging_findup:Logging Inti function is runing... [ Login_Window ]
DEBUG:logging_findup:The Default Theme Is Runing... [default_theme]
DEBUG:logging_findup:Theme is setting... [ setThemeLight ]
DEBUG:logging_findup:Icon is setting... [ setIconLight ]
DEBUG:logging_findup:Icon is palce setting... [ setIconLight ]
DEBUG:logging_findup:The Prograss Bar is starting... [prograssBarLight]
INFO:logging_findup:The Enter Button Clicked... [ clicEvent ]
DEBUG:logging_findup:Animation of login is working... [ animation_login ]
DEBUG:logging_findup:The shacke function Actived... [ shacke_window ]
DEBUG:logging_findup:init function is runing ... [connect ui of main]
DEBUG:logging_findup:set the default theme of findup... [ default_theme ]
DEBUG:logging_findup:Set Icon Function Actived... [ setIcon_for_window_light ]
DEBUG:logging_findup:Light icon placer Actived... [ setIcon_for_window_light ]
DEBUG:logging_findup:Light Theme Actived... [ setTheme_for_window_light ]
DEBUG:logging_findup:Connect function Actived... [ connect_functiom_light ]
DEBUG:logging_findup:Button function connecter Actived... [ btnToFunctionConnecter ]
DEBUG:logging_findup:init function is runing ... [connect ui of main]
DEBUG:logging_findup:set the default theme of findup... [ default_theme ]
DEBUG:logging_findup:Set Icon Function Actived... [ setIcon_for_window_light ]
DEBUG:logging_findup:Light icon placer Actived... [ setIcon_for_window_light ]
DEBUG:logging_findup:Light Theme Actived... [ setTheme_for_window_light ]
DEBUG:logging_findup:Connect function Actived... [ connect_functiom_light ]
DEBUG:logging_findup:Button function connecter Actived... [ btnToFunctionConnecter ]
DEBUG:logging_findup:init function is runing ... [connect ui of main]
DEBUG:logging_findup:set the default theme of findup... [ default_theme ]
DEBUG:logging_findup:Set Icon Function Actived... [ setIcon_for_window_light ]
DEBUG:logging_findup:Light icon placer Actived... [ setIcon_for_window_light ]
DEBUG:logging_findup:Light Theme Actived... [ setTheme_for_window_light ]
DEBUG:logging_findup:Connect function Actived... [ connect_functiom_light ]
DEBUG:logging_findup:Button function connecter Actived... [ btnToFunctionConnecter ]
DEBUG:logging_findup:init function is runing ... [connect ui of main]
DEBUG:logging_findup:set the default theme of findup... [ default_theme ]
DEBUG:logging_findup:Set Icon Function Actived... [ setIcon_for_window_light ]
DEBUG:logging_findup:Light icon placer Actived... [ setIcon_for_window_light ]
DEBUG:logging_findup:Light Theme Actived... [ setTheme_for_window_light ]
DEBUG:logging_findup:Connect function Actived... [ connect_functiom_light ]
DEBUG:logging_findup:Button function connecter Actived... [ btnToFunctionConnecter ]
DEBUG:logging_findup:init function is runing ... [connect ui of main]
DEBUG:logging_findup:set the default theme of findup... [ default_theme ]
DEBUG:logging_findup:Set Icon Function Actived... [ setIcon_for_window_light ]
DEBUG:logging_findup:Light icon placer Actived... [ setIcon_for_window_light ]
DEBUG:logging_findup:Light Theme Actived... [ setTheme_for_window_light ]
DEBUG:logging_findup:Connect function Actived... [ connect_functiom_light ]
DEBUG:logging_findup:Button function connecter Actived... [ btnToFunctionConnecter ]
DEBUG:logging_findup:init function is runing ... [connect ui of main]
DEBUG:logging_findup:set the default theme of findup... [ default_theme ]
DEBUG:logging_findup:Set Icon Function Actived... [ setIcon_for_window_light ]
DEBUG:logging_findup:Light icon placer Actived... [ setIcon_for_window_light ]
DEBUG:logging_findup:Light Theme Actived... [ setTheme_for_window_light ]
DEBUG:logging_findup:Connect function Actived... [ connect_functiom_light ]
DEBUG:logging_findup:Button function connecter Actived... [ btnToFunctionConnecter ]
DEBUG:logging_findup:Dark theme Thread Actived... [ setTheme ]
DEBUG:logging_findup:Connect Function Actived... [ connect_functiom_dark ]
DEBUG:logging_findup:setTheme Function Actived... [ setTheme_for_window_dark ]
DEBUG:logging_findup:setIcon Function Actived... [ setIcon_for_window_dark ]
DEBUG:logging_findup:Dark icon Replacer Actived... [ setIcon_for_window_dark ]
DEBUG:logging_findup:Theme Icon Replacer Actived... [ iconButtonPressed ]
DEBUG:logging_findup:init function is runing ... [connect ui of main]
DEBUG:logging_findup:set the default theme of findup... [ default_theme ]
DEBUG:logging_findup:Set Icon Function Actived... [ setIcon_for_window_light ]
DEBUG:logging_findup:Light icon placer Actived... [ setIcon_for_window_light ]
DEBUG:logging_findup:Light Theme Actived... [ setTheme_for_window_light ]
DEBUG:logging_findup:Connect function Actived... [ connect_functiom_light ]
DEBUG:logging_findup:Button function connecter Actived... [ btnToFunctionConnecter ]
DEBUG:logging_findup:init function is runing ... [connect ui of main]
DEBUG:logging_findup:set the default theme of findup... [ default_theme ]
DEBUG:logging_findup:Set Icon Function Actived... [ setIcon_for_window_light ]
DEBUG:logging_findup:Light icon placer Actived... [ setIcon_for_window_light ]
DEBUG:logging_findup:Light Theme Actived... [ setTheme_for_window_light ]
DEBUG:logging_findup:Connect function Actived... [ connect_functiom_light ]
DEBUG:logging_findup:Button function connecter Actived... [ btnToFunctionConnecter ]
DEBUG:logging_findup:init function is runing ... [connect ui of main]
DEBUG:logging_findup:set the default theme of findup... [ default_theme ]
DEBUG:logging_findup:Set Icon Function Actived... [ setIcon_for_window_light ]
DEBUG:logging_findup:Light icon placer Actived... [ setIcon_for_window_light ]
DEBUG:logging_findup:Light Theme Actived... [ setTheme_for_window_light ]
DEBUG:logging_findup:Connect function Actived... [ connect_functiom_light ]
DEBUG:logging_findup:Button function connecter Actived... [ btnToFunctionConnecter ]
